----------------------------------------
Exception occurred during processing of request from ('127.0.0.1', 62067)
Traceback (most recent call last):
  File "D:\Organized\Projects\codex_project\workflow\libtv_runner\libtv_n8n_bridge.py", line 271, in do_POST
    self.send_json(200, invoke_runner(payload))
  File "D:\Organized\Projects\codex_project\workflow\libtv_runner\libtv_n8n_bridge.py", line 232, in send_json
    self.wfile.write(body)
  File "C:\Users\96259\AppData\Local\Programs\Python\Python312\Lib\socketserver.py", line 840, in write
    self._sock.sendall(b)
ConnectionAbortedError: [WinError 10053] 你的主机中的软件中止了一个已建立的连接。

During handling of the above exception, another exception occurred:

Traceback (most recent call last):
  File "C:\Users\96259\AppData\Local\Programs\Python\Python312\Lib\socketserver.py", line 692, in process_request_thread
    self.finish_request(request, client_address)
  File "C:\Users\96259\AppData\Local\Programs\Python\Python312\Lib\socketserver.py", line 362, in finish_request
    self.RequestHandlerClass(request, client_address, self)
  File "C:\Users\96259\AppData\Local\Programs\Python\Python312\Lib\socketserver.py", line 761, in __init__
    self.handle()
  File "C:\Users\96259\AppData\Local\Programs\Python\Python312\Lib\http\server.py", line 436, in handle
    self.handle_one_request()
  File "C:\Users\96259\AppData\Local\Programs\Python\Python312\Lib\http\server.py", line 424, in handle_one_request
    method()
  File "D:\Organized\Projects\codex_project\workflow\libtv_runner\libtv_n8n_bridge.py", line 275, in do_POST
    self.send_json(500, {"ok": False, "error": str(exc)})
  File "D:\Organized\Projects\codex_project\workflow\libtv_runner\libtv_n8n_bridge.py", line 231, in send_json
    self.end_headers()
  File "C:\Users\96259\AppData\Local\Programs\Python\Python312\Lib\http\server.py", line 538, in end_headers
    self.flush_headers()
  File "C:\Users\96259\AppData\Local\Programs\Python\Python312\Lib\http\server.py", line 542, in flush_headers
    self.wfile.write(b"".join(self._headers_buffer))
  File "C:\Users\96259\AppData\Local\Programs\Python\Python312\Lib\socketserver.py", line 840, in write
    self._sock.sendall(b)
ConnectionAbortedError: [WinError 10053] 你的主机中的软件中止了一个已建立的连接。
----------------------------------------
----------------------------------------
Exception occurred during processing of request from ('127.0.0.1', 56601)
Traceback (most recent call last):
  File "D:\Organized\Projects\codex_project\workflow\libtv_runner\libtv_n8n_bridge.py", line 271, in do_POST
    self.send_json(200, invoke_runner(payload))
  File "D:\Organized\Projects\codex_project\workflow\libtv_runner\libtv_n8n_bridge.py", line 231, in send_json
    self.end_headers()
  File "C:\Users\96259\AppData\Local\Programs\Python\Python312\Lib\http\server.py", line 538, in end_headers
    self.flush_headers()
  File "C:\Users\96259\AppData\Local\Programs\Python\Python312\Lib\http\server.py", line 542, in flush_headers
    self.wfile.write(b"".join(self._headers_buffer))
  File "C:\Users\96259\AppData\Local\Programs\Python\Python312\Lib\socketserver.py", line 840, in write
    self._sock.sendall(b)
ConnectionAbortedError: [WinError 10053] 你的主机中的软件中止了一个已建立的连接。

During handling of the above exception, another exception occurred:

Traceback (most recent call last):
  File "C:\Users\96259\AppData\Local\Programs\Python\Python312\Lib\socketserver.py", line 692, in process_request_thread
    self.finish_request(request, client_address)
  File "C:\Users\96259\AppData\Local\Programs\Python\Python312\Lib\socketserver.py", line 362, in finish_request
    self.RequestHandlerClass(request, client_address, self)
  File "C:\Users\96259\AppData\Local\Programs\Python\Python312\Lib\socketserver.py", line 761, in __init__
    self.handle()
  File "C:\Users\96259\AppData\Local\Programs\Python\Python312\Lib\http\server.py", line 436, in handle
    self.handle_one_request()
  File "C:\Users\96259\AppData\Local\Programs\Python\Python312\Lib\http\server.py", line 424, in handle_one_request
    method()
  File "D:\Organized\Projects\codex_project\workflow\libtv_runner\libtv_n8n_bridge.py", line 275, in do_POST
    self.send_json(500, {"ok": False, "error": str(exc)})
  File "D:\Organized\Projects\codex_project\workflow\libtv_runner\libtv_n8n_bridge.py", line 231, in send_json
    self.end_headers()
  File "C:\Users\96259\AppData\Local\Programs\Python\Python312\Lib\http\server.py", line 538, in end_headers
    self.flush_headers()
  File "C:\Users\96259\AppData\Local\Programs\Python\Python312\Lib\http\server.py", line 542, in flush_headers
    self.wfile.write(b"".join(self._headers_buffer))
  File "C:\Users\96259\AppData\Local\Programs\Python\Python312\Lib\socketserver.py", line 840, in write
    self._sock.sendall(b)
ConnectionAbortedError: [WinError 10053] 你的主机中的软件中止了一个已建立的连接。
----------------------------------------
----------------------------------------
Exception occurred during processing of request from ('127.0.0.1', 61160)
Traceback (most recent call last):
  File "D:\Organized\Projects\codex_project\workflow\libtv_runner\libtv_n8n_bridge.py", line 271, in do_POST
    self.send_json(200, invoke_runner(payload))
  File "D:\Organized\Projects\codex_project\workflow\libtv_runner\libtv_n8n_bridge.py", line 231, in send_json
    self.end_headers()
  File "C:\Users\96259\AppData\Local\Programs\Python\Python312\Lib\http\server.py", line 538, in end_headers
    self.flush_headers()
  File "C:\Users\96259\AppData\Local\Programs\Python\Python312\Lib\http\server.py", line 542, in flush_headers
    self.wfile.write(b"".join(self._headers_buffer))
  File "C:\Users\96259\AppData\Local\Programs\Python\Python312\Lib\socketserver.py", line 840, in write
    self._sock.sendall(b)
ConnectionAbortedError: [WinError 10053] 你的主机中的软件中止了一个已建立的连接。

During handling of the above exception, another exception occurred:

Traceback (most recent call last):
  File "C:\Users\96259\AppData\Local\Programs\Python\Python312\Lib\socketserver.py", line 692, in process_request_thread
    self.finish_request(request, client_address)
  File "C:\Users\96259\AppData\Local\Programs\Python\Python312\Lib\socketserver.py", line 362, in finish_request
    self.RequestHandlerClass(request, client_address, self)
  File "C:\Users\96259\AppData\Local\Programs\Python\Python312\Lib\socketserver.py", line 761, in __init__
    self.handle()
  File "C:\Users\96259\AppData\Local\Programs\Python\Python312\Lib\http\server.py", line 436, in handle
    self.handle_one_request()
  File "C:\Users\96259\AppData\Local\Programs\Python\Python312\Lib\http\server.py", line 424, in handle_one_request
    method()
  File "D:\Organized\Projects\codex_project\workflow\libtv_runner\libtv_n8n_bridge.py", line 275, in do_POST
    self.send_json(500, {"ok": False, "error": str(exc)})
  File "D:\Organized\Projects\codex_project\workflow\libtv_runner\libtv_n8n_bridge.py", line 231, in send_json
    self.end_headers()
  File "C:\Users\96259\AppData\Local\Programs\Python\Python312\Lib\http\server.py", line 538, in end_headers
    self.flush_headers()
  File "C:\Users\96259\AppData\Local\Programs\Python\Python312\Lib\http\server.py", line 542, in flush_headers
    self.wfile.write(b"".join(self._headers_buffer))
  File "C:\Users\96259\AppData\Local\Programs\Python\Python312\Lib\socketserver.py", line 840, in write
    self._sock.sendall(b)
ConnectionAbortedError: [WinError 10053] 你的主机中的软件中止了一个已建立的连接。
----------------------------------------
----------------------------------------
Exception occurred during processing of request from ('127.0.0.1', 56220)
Traceback (most recent call last):
  File "D:\Organized\Projects\codex_project\workflow\libtv_runner\libtv_n8n_bridge.py", line 271, in do_POST
    self.send_json(200, invoke_runner(payload))
  File "D:\Organized\Projects\codex_project\workflow\libtv_runner\libtv_n8n_bridge.py", line 231, in send_json
    self.end_headers()
  File "C:\Users\96259\AppData\Local\Programs\Python\Python312\Lib\http\server.py", line 538, in end_headers
    self.flush_headers()
  File "C:\Users\96259\AppData\Local\Programs\Python\Python312\Lib\http\server.py", line 542, in flush_headers
    self.wfile.write(b"".join(self._headers_buffer))
  File "C:\Users\96259\AppData\Local\Programs\Python\Python312\Lib\socketserver.py", line 840, in write
    self._sock.sendall(b)
ConnectionAbortedError: [WinError 10053] 你的主机中的软件中止了一个已建立的连接。

During handling of the above exception, another exception occurred:

Traceback (most recent call last):
  File "C:\Users\96259\AppData\Local\Programs\Python\Python312\Lib\socketserver.py", line 692, in process_request_thread
    self.finish_request(request, client_address)
  File "C:\Users\96259\AppData\Local\Programs\Python\Python312\Lib\socketserver.py", line 362, in finish_request
    self.RequestHandlerClass(request, client_address, self)
  File "C:\Users\96259\AppData\Local\Programs\Python\Python312\Lib\socketserver.py", line 761, in __init__
    self.handle()
  File "C:\Users\96259\AppData\Local\Programs\Python\Python312\Lib\http\server.py", line 436, in handle
    self.handle_one_request()
  File "C:\Users\96259\AppData\Local\Programs\Python\Python312\Lib\http\server.py", line 424, in handle_one_request
    method()
  File "D:\Organized\Projects\codex_project\workflow\libtv_runner\libtv_n8n_bridge.py", line 275, in do_POST
    self.send_json(500, {"ok": False, "error": str(exc)})
  File "D:\Organized\Projects\codex_project\workflow\libtv_runner\libtv_n8n_bridge.py", line 231, in send_json
    self.end_headers()
  File "C:\Users\96259\AppData\Local\Programs\Python\Python312\Lib\http\server.py", line 538, in end_headers
    self.flush_headers()
  File "C:\Users\96259\AppData\Local\Programs\Python\Python312\Lib\http\server.py", line 542, in flush_headers
    self.wfile.write(b"".join(self._headers_buffer))
  File "C:\Users\96259\AppData\Local\Programs\Python\Python312\Lib\socketserver.py", line 840, in write
    self._sock.sendall(b)
ConnectionAbortedError: [WinError 10053] 你的主机中的软件中止了一个已建立的连接。
----------------------------------------
----------------------------------------
Exception occurred during processing of request from ('127.0.0.1', 62336)
Traceback (most recent call last):
  File "D:\Organized\Projects\codex_project\workflow\libtv_runner\libtv_n8n_bridge.py", line 271, in do_POST
    self.send_json(200, invoke_runner(payload))
  File "D:\Organized\Projects\codex_project\workflow\libtv_runner\libtv_n8n_bridge.py", line 231, in send_json
    self.end_headers()
  File "C:\Users\96259\AppData\Local\Programs\Python\Python312\Lib\http\server.py", line 538, in end_headers
    self.flush_headers()
  File "C:\Users\96259\AppData\Local\Programs\Python\Python312\Lib\http\server.py", line 542, in flush_headers
    self.wfile.write(b"".join(self._headers_buffer))
  File "C:\Users\96259\AppData\Local\Programs\Python\Python312\Lib\socketserver.py", line 840, in write
    self._sock.sendall(b)
ConnectionAbortedError: [WinError 10053] 你的主机中的软件中止了一个已建立的连接。

During handling of the above exception, another exception occurred:

Traceback (most recent call last):
  File "C:\Users\96259\AppData\Local\Programs\Python\Python312\Lib\socketserver.py", line 692, in process_request_thread
    self.finish_request(request, client_address)
  File "C:\Users\96259\AppData\Local\Programs\Python\Python312\Lib\socketserver.py", line 362, in finish_request
    self.RequestHandlerClass(request, client_address, self)
  File "C:\Users\96259\AppData\Local\Programs\Python\Python312\Lib\socketserver.py", line 761, in __init__
    self.handle()
  File "C:\Users\96259\AppData\Local\Programs\Python\Python312\Lib\http\server.py", line 436, in handle
    self.handle_one_request()
  File "C:\Users\96259\AppData\Local\Programs\Python\Python312\Lib\http\server.py", line 424, in handle_one_request
    method()
  File "D:\Organized\Projects\codex_project\workflow\libtv_runner\libtv_n8n_bridge.py", line 275, in do_POST
    self.send_json(500, {"ok": False, "error": str(exc)})
  File "D:\Organized\Projects\codex_project\workflow\libtv_runner\libtv_n8n_bridge.py", line 231, in send_json
    self.end_headers()
  File "C:\Users\96259\AppData\Local\Programs\Python\Python312\Lib\http\server.py", line 538, in end_headers
    self.flush_headers()
  File "C:\Users\96259\AppData\Local\Programs\Python\Python312\Lib\http\server.py", line 542, in flush_headers
    self.wfile.write(b"".join(self._headers_buffer))
  File "C:\Users\96259\AppData\Local\Programs\Python\Python312\Lib\socketserver.py", line 840, in write
    self._sock.sendall(b)
ConnectionAbortedError: [WinError 10053] 你的主机中的软件中止了一个已建立的连接。
----------------------------------------
----------------------------------------
Exception occurred during processing of request from ('127.0.0.1', 55716)
Traceback (most recent call last):
  File "D:\Organized\Projects\codex_project\workflow\libtv_runner\libtv_n8n_bridge.py", line 271, in do_POST
    self.send_json(200, invoke_runner(payload))
  File "D:\Organized\Projects\codex_project\workflow\libtv_runner\libtv_n8n_bridge.py", line 231, in send_json
    self.end_headers()
  File "C:\Users\96259\AppData\Local\Programs\Python\Python312\Lib\http\server.py", line 538, in end_headers
    self.flush_headers()
  File "C:\Users\96259\AppData\Local\Programs\Python\Python312\Lib\http\server.py", line 542, in flush_headers
    self.wfile.write(b"".join(self._headers_buffer))
  File "C:\Users\96259\AppData\Local\Programs\Python\Python312\Lib\socketserver.py", line 840, in write
    self._sock.sendall(b)
ConnectionAbortedError: [WinError 10053] 你的主机中的软件中止了一个已建立的连接。

During handling of the above exception, another exception occurred:

Traceback (most recent call last):
  File "C:\Users\96259\AppData\Local\Programs\Python\Python312\Lib\socketserver.py", line 692, in process_request_thread
    self.finish_request(request, client_address)
  File "C:\Users\96259\AppData\Local\Programs\Python\Python312\Lib\socketserver.py", line 362, in finish_request
    self.RequestHandlerClass(request, client_address, self)
  File "C:\Users\96259\AppData\Local\Programs\Python\Python312\Lib\socketserver.py", line 761, in __init__
    self.handle()
  File "C:\Users\96259\AppData\Local\Programs\Python\Python312\Lib\http\server.py", line 436, in handle
    self.handle_one_request()
  File "C:\Users\96259\AppData\Local\Programs\Python\Python312\Lib\http\server.py", line 424, in handle_one_request
    method()
  File "D:\Organized\Projects\codex_project\workflow\libtv_runner\libtv_n8n_bridge.py", line 275, in do_POST
    self.send_json(500, {"ok": False, "error": str(exc)})
  File "D:\Organized\Projects\codex_project\workflow\libtv_runner\libtv_n8n_bridge.py", line 231, in send_json
    self.end_headers()
  File "C:\Users\96259\AppData\Local\Programs\Python\Python312\Lib\http\server.py", line 538, in end_headers
    self.flush_headers()
  File "C:\Users\96259\AppData\Local\Programs\Python\Python312\Lib\http\server.py", line 542, in flush_headers
    self.wfile.write(b"".join(self._headers_buffer))
  File "C:\Users\96259\AppData\Local\Programs\Python\Python312\Lib\socketserver.py", line 840, in write
    self._sock.sendall(b)
ConnectionAbortedError: [WinError 10053] 你的主机中的软件中止了一个已建立的连接。
----------------------------------------
